open supabase\.temp\profile: The system cannot find the file specified.
Supabase CLI 2.76.8
Using profile: supabase (supabase.co)
Loading project ref from file: supabase\.temp\project-ref
Using access token for profile: supabase
Using access token for profile: supabase
2026/02/15 11:12:04 HTTP GET: https://api.supabase.com/v1/projects/jnmikztbpfzsodvqvcys/api-keys?reveal=true
2026/02/15 11:12:07 HTTP GET: https://jnmikztbpfzsodvqvcys.supabase.co/storage/v1/version
2026/02/15 11:12:07 HTTP GET: https://jnmikztbpfzsodvqvcys.supabase.co/rest/v1/
2026/02/15 11:12:07 HTTP GET: https://api.supabase.com/v1/projects/jnmikztbpfzsodvqvcys
2026/02/15 11:12:07 HTTP GET: https://jnmikztbpfzsodvqvcys.supabase.co/auth/v1/health
 mailpit Skipped - Image is already present locally 
 edgeRuntime Skipped - Image is already present locally 
 studio Skipped - Image is already present locally 
 api Skipped - Image is already present locally 
 storage Skipped - Image is already present locally 
 analytics Skipped - Image is already present locally 
 vector Skipped - Image is already present locally 
 gateway Skipped - Image is already present locally 
 auth Skipped - Image is already present locally 
 imgProxy Skipped - Image is already present locally 
 pgmeta Skipped - Image is already present locally 
 db Skipped - Image is already present locally 
 realtime Pulling 
 5c32499ab806 Pulling fs layer 
 4f4fb700ef54 Pulling fs layer 
 fa381361f294 Pulling fs layer 
 7d79597f185d Pulling fs layer 
 38bd456b8129 Pulling fs layer 
 6d3a88ffa7e3 Pulling fs layer 
 8f4ca6c9f668 Pulling fs layer 
 c3af839bbf8b Pulling fs layer 
 4f4fb700ef54 Already exists 
 4f4fb700ef54 Pull complete 
 a7d87070641b Download complete 
 c3af839bbf8b Download complete 
 fa381361f294 Downloading [>                                                  ]  1.049MB/86.29MB
 38bd456b8129 Download complete 
 fa381361f294 Downloading [>                                                  ]  1.049MB/86.29MB
 fa381361f294 Downloading [>                                                  ]  1.049MB/86.29MB
 fa381361f294 Downloading [>                                                  ]  1.049MB/86.29MB
 6d3a88ffa7e3 Download complete 
 fa381361f294 Downloading [>                                                  ]  1.049MB/86.29MB
 fa381361f294 Downloading [>                                                  ]  1.049MB/86.29MB
 fa381361f294 Downloading [=>                                                 ]  2.097MB/86.29MB
 fa381361f294 Downloading [=>                                                 ]  2.097MB/86.29MB
 7d79597f185d Downloading [===>                                               ]  1.049MB/13.94MB
 5c32499ab806 Downloading [=>                                                 ]  602.1kB/28.23MB
 fa381361f294 Downloading [=>                                                 ]  2.097MB/86.29MB
 7d79597f185d Downloading [===>                                               ]  1.049MB/13.94MB
 5c32499ab806 Downloading [=>                                                 ]  1.049MB/28.23MB
 fa381361f294 Downloading [=>                                                 ]  2.097MB/86.29MB
 7d79597f185d Downloading [===>                                               ]  1.049MB/13.94MB
 fa381361f294 Downloading [=>                                                 ]  2.097MB/86.29MB
 7d79597f185d Downloading [===>                                               ]  1.049MB/13.94MB
 5c32499ab806 Downloading [=>                                                 ]  1.049MB/28.23MB
 fa381361f294 Downloading [=>                                                 ]  2.097MB/86.29MB
 7d79597f185d Downloading [===>                                               ]  1.049MB/13.94MB
 5c32499ab806 Downloading [=>                                                 ]  1.049MB/28.23MB
 5c32499ab806 Downloading [=>                                                 ]  1.049MB/28.23MB
 fa381361f294 Downloading [=>                                                 ]  2.798MB/86.29MB
 7d79597f185d Downloading [===>                                               ]  1.049MB/13.94MB
 5c32499ab806 Downloading [===>                                               ]  2.097MB/28.23MB
 fa381361f294 Downloading [=>                                                 ]  3.146MB/86.29MB
 7d79597f185d Downloading [=======>                                           ]  2.097MB/13.94MB
 5c32499ab806 Downloading [===>                                               ]  2.097MB/28.23MB
 fa381361f294 Downloading [=>                                                 ]  3.146MB/86.29MB
 7d79597f185d Downloading [=======>                                           ]  2.097MB/13.94MB
 5c32499ab806 Downloading [===>                                               ]  2.097MB/28.23MB
 fa381361f294 Downloading [=>                                                 ]  3.146MB/86.29MB
 7d79597f185d Downloading [=======>                                           ]  2.097MB/13.94MB
 fa381361f294 Downloading [=>                                                 ]  3.146MB/86.29MB
 7d79597f185d Downloading [===========>                                       ]  3.146MB/13.94MB
 5c32499ab806 Downloading [===>                                               ]  2.097MB/28.23MB
 5c32499ab806 Downloading [===>                                               ]  2.097MB/28.23MB
 fa381361f294 Downloading [=>                                                 ]  3.146MB/86.29MB
 7d79597f185d Downloading [===========>                                       ]  3.146MB/13.94MB
 fa381361f294 Downloading [==>                                                ]  4.194MB/86.29MB
 7d79597f185d Downloading [===========>                                       ]  3.146MB/13.94MB
 5c32499ab806 Downloading [=====>                                             ]  3.146MB/28.23MB
 5c32499ab806 Downloading [=====>                                             ]  3.146MB/28.23MB
 fa381361f294 Downloading [==>                                                ]  4.194MB/86.29MB
 7d79597f185d Downloading [===========>                                       ]  3.146MB/13.94MB
 fa381361f294 Downloading [==>                                                ]  4.194MB/86.29MB
 7d79597f185d Downloading [===========>                                       ]  3.146MB/13.94MB
 5c32499ab806 Downloading [=====>                                             ]  3.146MB/28.23MB
 5c32499ab806 Downloading [=====>                                             ]  3.146MB/28.23MB
 fa381361f294 Downloading [==>                                                ]  4.194MB/86.29MB
 7d79597f185d Downloading [===========>                                       ]  3.146MB/13.94MB
 5c32499ab806 Downloading [=====>                                             ]  3.146MB/28.23MB
 fa381361f294 Downloading [==>                                                ]  4.194MB/86.29MB
 7d79597f185d Downloading [===========>                                       ]  3.146MB/13.94MB
 5c32499ab806 Downloading [=====>                                             ]  3.146MB/28.23MB
 fa381361f294 Downloading [==>                                                ]  4.194MB/86.29MB
 7d79597f185d Downloading [===========>                                       ]  3.146MB/13.94MB
 fa381361f294 Downloading [==>                                                ]  4.194MB/86.29MB
 7d79597f185d Downloading [===========>                                       ]  3.146MB/13.94MB
 5c32499ab806 Downloading [=====>                                             ]  3.146MB/28.23MB
 8f4ca6c9f668 Downloading [==================================================>]  865.7kB/865.7kB
 5c32499ab806 Downloading [=====>                                             ]  3.146MB/28.23MB
 8f4ca6c9f668 Download complete 
 fa381361f294 Downloading [==>                                                ]  4.194MB/86.29MB
 7d79597f185d Downloading [===========>                                       ]  3.146MB/13.94MB
 5c32499ab806 Downloading [=====>                                             ]  3.146MB/28.23MB
 fa381361f294 Downloading [==>                                                ]  4.194MB/86.29MB
 7d79597f185d Downloading [===========>                                       ]  3.146MB/13.94MB
 7d79597f185d Downloading [===========>                                       ]  3.146MB/13.94MB
 5c32499ab806 Downloading [=====>                                             ]  3.146MB/28.23MB
 fa381361f294 Downloading [==>                                                ]  4.194MB/86.29MB
 5c32499ab806 Downloading [=======>                                           ]  4.194MB/28.23MB
 fa381361f294 Downloading [==>                                                ]  4.194MB/86.29MB
 7d79597f185d Downloading [===============>                                   ]  4.194MB/13.94MB
 5c32499ab806 Downloading [=======>                                           ]  4.194MB/28.23MB
 fa381361f294 Downloading [==>                                                ]  4.194MB/86.29MB
 7d79597f185d Downloading [===============>                                   ]  4.194MB/13.94MB
 5c32499ab806 Downloading [=======>                                           ]  4.194MB/28.23MB
 fa381361f294 Downloading [==>                                                ]  4.194MB/86.29MB
 7d79597f185d Downloading [===============>                                   ]  4.194MB/13.94MB
 fa381361f294 Downloading [==>                                                ]  4.194MB/86.29MB
 7d79597f185d Downloading [===============>                                   ]  4.194MB/13.94MB
 5c32499ab806 Downloading [=======>                                           ]  4.194MB/28.23MB
 5c32499ab806 Downloading [=======>                                           ]  4.194MB/28.23MB
 fa381361f294 Downloading [==>                                                ]  4.194MB/86.29MB
 7d79597f185d Downloading [===============>                                   ]  4.194MB/13.94MB
 fa381361f294 Downloading [==>                                                ]  4.194MB/86.29MB
 7d79597f185d Downloading [===============>                                   ]  4.194MB/13.94MB
 5c32499ab806 Downloading [=======>                                           ]  4.194MB/28.23MB
 fa381361f294 Downloading [===>                                               ]  5.243MB/86.29MB
 7d79597f185d Downloading [===============>                                   ]  4.194MB/13.94MB
 5c32499ab806 Downloading [=======>                                           ]  4.194MB/28.23MB
 fa381361f294 Downloading [===>                                               ]  5.243MB/86.29MB
 7d79597f185d Downloading [==================>                                ]  5.243MB/13.94MB
 5c32499ab806 Downloading [=========>                                         ]  5.243MB/28.23MB
 5c32499ab806 Downloading [=========>                                         ]  5.243MB/28.23MB
 fa381361f294 Downloading [===>                                               ]  5.243MB/86.29MB
 7d79597f185d Downloading [==================>                                ]  5.243MB/13.94MB
 5c32499ab806 Downloading [=========>                                         ]  5.243MB/28.23MB
 fa381361f294 Downloading [===>                                               ]  5.243MB/86.29MB
 7d79597f185d Downloading [==================>                                ]  5.243MB/13.94MB
 fa381361f294 Downloading [===>                                               ]  5.243MB/86.29MB
 7d79597f185d Downloading [==================>                                ]  5.243MB/13.94MB
 5c32499ab806 Downloading [=========>                                         ]  5.243MB/28.23MB
 fa381361f294 Downloading [===>                                               ]  5.243MB/86.29MB
 7d79597f185d Downloading [======================>                            ]  6.291MB/13.94MB
 5c32499ab806 Downloading [=========>                                         ]  5.243MB/28.23MB
 5c32499ab806 Downloading [=========>                                         ]  5.243MB/28.23MB
 fa381361f294 Downloading [===>                                               ]  6.033MB/86.29MB
 7d79597f185d Downloading [======================>                            ]  6.291MB/13.94MB
 5c32499ab806 Downloading [=========>                                         ]  5.243MB/28.23MB
 fa381361f294 Downloading [===>                                               ]  6.291MB/86.29MB
 7d79597f185d Downloading [======================>                            ]  6.291MB/13.94MB
 fa381361f294 Downloading [===>                                               ]  6.291MB/86.29MB
 7d79597f185d Downloading [======================>                            ]  6.291MB/13.94MB
 5c32499ab806 Downloading [===========>                                       ]  6.291MB/28.23MB
 fa381361f294 Downloading [===>                                               ]  6.291MB/86.29MB
 7d79597f185d Downloading [=======================>                           ]  6.619MB/13.94MB
 5c32499ab806 Downloading [===========>                                       ]  6.291MB/28.23MB
 fa381361f294 Downloading [===>                                               ]  6.291MB/86.29MB
 7d79597f185d Downloading [==========================>                        ]   7.34MB/13.94MB
 5c32499ab806 Downloading [===========>                                       ]  6.291MB/28.23MB
 fa381361f294 Downloading [====>                                              ]   7.34MB/86.29MB
 7d79597f185d Downloading [==========================>                        ]   7.34MB/13.94MB
 5c32499ab806 Downloading [===========>                                       ]  6.291MB/28.23MB
 5c32499ab806 Downloading [=============>                                     ]   7.34MB/28.23MB
 fa381361f294 Downloading [====>                                              ]   7.34MB/86.29MB
 7d79597f185d Downloading [==========================>                        ]   7.34MB/13.94MB
 5c32499ab806 Downloading [=============>                                     ]   7.34MB/28.23MB
 fa381361f294 Downloading [====>                                              ]   7.34MB/86.29MB
 7d79597f185d Downloading [==========================>                        ]   7.34MB/13.94MB
 5c32499ab806 Downloading [=============>                                     ]   7.34MB/28.23MB
 fa381361f294 Downloading [====>                                              ]   7.34MB/86.29MB
 7d79597f185d Downloading [==============================>                    ]  8.389MB/13.94MB
 fa381361f294 Downloading [====>                                              ]   7.34MB/86.29MB
 7d79597f185d Downloading [==============================>                    ]  8.389MB/13.94MB
 5c32499ab806 Downloading [=============>                                     ]   7.34MB/28.23MB
 5c32499ab806 Downloading [=============>                                     ]   7.34MB/28.23MB
 fa381361f294 Downloading [====>                                              ]  8.389MB/86.29MB
 7d79597f185d Downloading [==============================>                    ]  8.389MB/13.94MB
 5c32499ab806 Downloading [=============>                                     ]   7.34MB/28.23MB
 fa381361f294 Downloading [====>                                              ]  8.389MB/86.29MB
 7d79597f185d Downloading [==============================>                    ]  8.389MB/13.94MB
 fa381361f294 Downloading [====>                                              ]  8.389MB/86.29MB
 7d79597f185d Downloading [==============================>                    ]  8.389MB/13.94MB
 5c32499ab806 Downloading [=============>                                     ]   7.34MB/28.23MB
 5c32499ab806 Downloading [==============>                                    ]  8.389MB/28.23MB
 fa381361f294 Downloading [====>                                              ]  8.389MB/86.29MB
 7d79597f185d Downloading [=================================>                 ]  9.437MB/13.94MB
 5c32499ab806 Downloading [==============>                                    ]  8.389MB/28.23MB
 fa381361f294 Downloading [=====>                                             ]  9.437MB/86.29MB
 7d79597f185d Downloading [=================================>                 ]  9.437MB/13.94MB
 fa381361f294 Downloading [=====>                                             ]  9.437MB/86.29MB
 7d79597f185d Downloading [=================================>                 ]  9.437MB/13.94MB
 5c32499ab806 Downloading [==============>                                    ]  8.389MB/28.23MB
 5c32499ab806 Downloading [==============>                                    ]  8.389MB/28.23MB
 fa381361f294 Downloading [=====>                                             ]  9.437MB/86.29MB
 7d79597f185d Downloading [=====================================>             ]  10.49MB/13.94MB
 fa381361f294 Downloading [=====>                                             ]  9.437MB/86.29MB
 7d79597f185d Downloading [=====================================>             ]  10.49MB/13.94MB
 5c32499ab806 Downloading [================>                                  ]  9.437MB/28.23MB
 fa381361f294 Downloading [======>                                            ]  10.49MB/86.29MB
 7d79597f185d Downloading [=====================================>             ]  10.49MB/13.94MB
 5c32499ab806 Downloading [================>                                  ]  9.437MB/28.23MB
 5c32499ab806 Downloading [================>                                  ]  9.437MB/28.23MB
 fa381361f294 Downloading [======>                                            ]  10.49MB/86.29MB
 7d79597f185d Downloading [=====================================>             ]  10.49MB/13.94MB
 5c32499ab806 Downloading [==================>                                ]  10.49MB/28.23MB
 fa381361f294 Downloading [======>                                            ]  10.49MB/86.29MB
 7d79597f185d Downloading [=====================================>             ]  10.49MB/13.94MB
 fa381361f294 Downloading [======>                                            ]  10.49MB/86.29MB
 7d79597f185d Downloading [=========================================>         ]  11.53MB/13.94MB
 5c32499ab806 Downloading [==================>                                ]  10.49MB/28.23MB
 fa381361f294 Downloading [======>                                            ]  11.53MB/86.29MB
 7d79597f185d Downloading [=========================================>         ]  11.53MB/13.94MB
 5c32499ab806 Downloading [==================>                                ]  10.49MB/28.23MB
 5c32499ab806 Downloading [==================>                                ]  10.49MB/28.23MB
 fa381361f294 Downloading [======>                                            ]  11.53MB/86.29MB
 7d79597f185d Downloading [=========================================>         ]  11.71MB/13.94MB
 fa381361f294 Downloading [======>                                            ]  11.53MB/86.29MB
 7d79597f185d Downloading [=============================================>     ]  12.58MB/13.94MB
 5c32499ab806 Downloading [====================>                              ]  11.53MB/28.23MB
 5c32499ab806 Downloading [====================>                              ]  11.53MB/28.23MB
 fa381361f294 Downloading [======>                                            ]  11.53MB/86.29MB
 7d79597f185d Downloading [=============================================>     ]  12.58MB/13.94MB
 fa381361f294 Downloading [=======>                                           ]  12.58MB/86.29MB
 7d79597f185d Downloading [=============================================>     ]  12.58MB/13.94MB
 5c32499ab806 Downloading [====================>                              ]  11.53MB/28.23MB
 5c32499ab806 Downloading [======================>                            ]  12.58MB/28.23MB
 fa381361f294 Downloading [=======>                                           ]  12.58MB/86.29MB
 7d79597f185d Downloading [================================================>  ]  13.63MB/13.94MB
 fa381361f294 Downloading [=======>                                           ]  12.58MB/86.29MB
 7d79597f185d Downloading [================================================>  ]  13.63MB/13.94MB
 5c32499ab806 Downloading [======================>                            ]  12.58MB/28.23MB
 7d79597f185d Downloading [==================================================>]  13.94MB/13.94MB
 5c32499ab806 Downloading [======================>                            ]  12.58MB/28.23MB
 fa381361f294 Downloading [=======>                                           ]  12.58MB/86.29MB
 fa381361f294 Downloading [=======>                                           ]  12.58MB/86.29MB
 7d79597f185d Download complete 
 5c32499ab806 Downloading [======================>                            ]  12.58MB/28.23MB
 5c32499ab806 Downloading [======================>                            ]  12.58MB/28.23MB
 fa381361f294 Downloading [=======>                                           ]  13.63MB/86.29MB
 5c32499ab806 Downloading [========================>                          ]  13.63MB/28.23MB
 fa381361f294 Downloading [=======>                                           ]  13.63MB/86.29MB
 fa381361f294 Downloading [=======>                                           ]  13.63MB/86.29MB
 5c32499ab806 Downloading [========================>                          ]  13.63MB/28.23MB
 fa381361f294 Downloading [=======>                                           ]  13.63MB/86.29MB
 5c32499ab806 Downloading [========================>                          ]  13.63MB/28.23MB
 5c32499ab806 Downloading [========================>                          ]  13.63MB/28.23MB
 fa381361f294 Downloading [=======>                                           ]  13.63MB/86.29MB
 5c32499ab806 Downloading [==========================>                        ]  14.68MB/28.23MB
 fa381361f294 Downloading [========>                                          ]  14.68MB/86.29MB
 5c32499ab806 Downloading [==========================>                        ]  14.68MB/28.23MB
 fa381361f294 Downloading [========>                                          ]  14.68MB/86.29MB
 fa381361f294 Downloading [========>                                          ]  14.68MB/86.29MB
 5c32499ab806 Downloading [==========================>                        ]  14.68MB/28.23MB
 fa381361f294 Downloading [========>                                          ]  14.68MB/86.29MB
 5c32499ab806 Downloading [==========================>                        ]  14.68MB/28.23MB
 fa381361f294 Downloading [========>                                          ]  14.68MB/86.29MB
 5c32499ab806 Downloading [===========================>                       ]  15.73MB/28.23MB
 fa381361f294 Downloading [=========>                                         ]  15.73MB/86.29MB
 5c32499ab806 Downloading [===========================>                       ]  15.73MB/28.23MB
 fa381361f294 Downloading [=========>                                         ]  15.73MB/86.29MB
 5c32499ab806 Downloading [===========================>                       ]  15.73MB/28.23MB
 fa381361f294 Downloading [=========>                                         ]  15.73MB/86.29MB
 5c32499ab806 Downloading [=============================>                     ]  16.78MB/28.23MB
 5c32499ab806 Downloading [=============================>                     ]  16.78MB/28.23MB
 fa381361f294 Downloading [=========>                                         ]  15.73MB/86.29MB
 fa381361f294 Downloading [=========>                                         ]  15.73MB/86.29MB
 5c32499ab806 Downloading [=============================>                     ]  16.78MB/28.23MB
 fa381361f294 Downloading [=========>                                         ]  16.78MB/86.29MB
 5c32499ab806 Downloading [=============================>                     ]  16.78MB/28.23MB
 fa381361f294 Downloading [=========>                                         ]  16.78MB/86.29MB
 5c32499ab806 Downloading [===============================>                   ]  17.83MB/28.23MB
 fa381361f294 Downloading [=========>                                         ]  16.78MB/86.29MB
 5c32499ab806 Downloading [===============================>                   ]  17.83MB/28.23MB
 5c32499ab806 Downloading [===============================>                   ]  17.83MB/28.23MB
 fa381361f294 Downloading [==========>                                        ]  17.83MB/86.29MB
 fa381361f294 Downloading [==========>                                        ]  17.83MB/86.29MB
 5c32499ab806 Downloading [=================================>                 ]  18.87MB/28.23MB
 5c32499ab806 Downloading [=================================>                 ]  18.87MB/28.23MB
 fa381361f294 Downloading [==========>                                        ]  17.83MB/86.29MB
 fa381361f294 Downloading [==========>                                        ]  17.83MB/86.29MB
 5c32499ab806 Downloading [===================================>               ]  19.92MB/28.23MB
 fa381361f294 Downloading [==========>                                        ]  18.87MB/86.29MB
 5c32499ab806 Downloading [===================================>               ]  19.92MB/28.23MB
 5c32499ab806 Downloading [=====================================>             ]  20.97MB/28.23MB
 fa381361f294 Downloading [==========>                                        ]  18.87MB/86.29MB
 5c32499ab806 Downloading [=====================================>             ]  20.97MB/28.23MB
 fa381361f294 Downloading [===========>                                       ]  19.92MB/86.29MB
 5c32499ab806 Downloading [=====================================>             ]  20.97MB/28.23MB
 fa381361f294 Downloading [===========>                                       ]  19.92MB/86.29MB
 fa381361f294 Downloading [===========>                                       ]  19.92MB/86.29MB
 5c32499ab806 Downloading [=======================================>           ]  22.02MB/28.23MB
 5c32499ab806 Downloading [=======================================>           ]  22.02MB/28.23MB
 fa381361f294 Downloading [===========>                                       ]  19.92MB/86.29MB
 5c32499ab806 Downloading [=======================================>           ]  22.02MB/28.23MB
 fa381361f294 Downloading [===========>                                       ]  19.92MB/86.29MB
 5c32499ab806 Downloading [=======================================>           ]  22.02MB/28.23MB
 fa381361f294 Downloading [============>                                      ]  20.97MB/86.29MB
 5c32499ab806 Downloading [========================================>          ]  23.07MB/28.23MB
 fa381361f294 Downloading [============>                                      ]  20.97MB/86.29MB
 5c32499ab806 Downloading [========================================>          ]  23.07MB/28.23MB
 fa381361f294 Downloading [============>                                      ]  22.02MB/86.29MB
 fa381361f294 Downloading [============>                                      ]  22.02MB/86.29MB
 5c32499ab806 Downloading [==========================================>        ]  24.12MB/28.23MB
 fa381361f294 Downloading [============>                                      ]  22.02MB/86.29MB
 5c32499ab806 Downloading [==========================================>        ]  24.12MB/28.23MB
 5c32499ab806 Downloading [==========================================>        ]  24.12MB/28.23MB
 fa381361f294 Downloading [=============>                                     ]  23.07MB/86.29MB
 fa381361f294 Downloading [=============>                                     ]  23.07MB/86.29MB
 5c32499ab806 Downloading [============================================>      ]  25.17MB/28.23MB
 5c32499ab806 Downloading [============================================>      ]  25.17MB/28.23MB
 fa381361f294 Downloading [=============>                                     ]  23.07MB/86.29MB
 fa381361f294 Downloading [=============>                                     ]  24.12MB/86.29MB
 5c32499ab806 Downloading [==============================================>    ]  26.21MB/28.23MB
 5c32499ab806 Downloading [==============================================>    ]  26.21MB/28.23MB
 fa381361f294 Downloading [=============>                                     ]  24.12MB/86.29MB
 fa381361f294 Downloading [=============>                                     ]  24.12MB/86.29MB
 5c32499ab806 Downloading [==============================================>    ]  26.21MB/28.23MB
 fa381361f294 Downloading [=============>                                     ]  24.12MB/86.29MB
 5c32499ab806 Downloading [==============================================>    ]  26.21MB/28.23MB
 5c32499ab806 Downloading [================================================>  ]  27.26MB/28.23MB
 fa381361f294 Downloading [==============>                                    ]  25.17MB/86.29MB
 5c32499ab806 Downloading [================================================>  ]  27.26MB/28.23MB
 fa381361f294 Downloading [==============>                                    ]  25.17MB/86.29MB
 5c32499ab806 Downloading [==================================================>]  28.23MB/28.23MB
 fa381361f294 Downloading [===============>                                   ]  26.21MB/86.29MB
 5c32499ab806 Downloading [==================================================>]  28.23MB/28.23MB
 fa381361f294 Downloading [===============>                                   ]  26.21MB/86.29MB
 fa381361f294 Downloading [===============>                                   ]  27.26MB/86.29MB
 5c32499ab806 Download complete 
 5c32499ab806 Extracting 1 s
 fa381361f294 Downloading [===============>                                   ]  27.26MB/86.29MB
 5c32499ab806 Extracting 1 s
 fa381361f294 Downloading [================>                                  ]  28.31MB/86.29MB
 5c32499ab806 Extracting 1 s
 fa381361f294 Downloading [================>                                  ]  28.31MB/86.29MB
 5c32499ab806 Extracting 1 s
 fa381361f294 Downloading [================>                                  ]  28.31MB/86.29MB
 5c32499ab806 Extracting 1 s
 fa381361f294 Downloading [================>                                  ]  28.31MB/86.29MB
 5c32499ab806 Extracting 1 s
 fa381361f294 Downloading [=================>                                 ]  29.36MB/86.29MB
 5c32499ab806 Extracting 1 s
 fa381361f294 Downloading [=================>                                 ]  29.36MB/86.29MB
 5c32499ab806 Extracting 1 s
 fa381361f294 Downloading [=================>                                 ]  30.41MB/86.29MB
 5c32499ab806 Extracting 1 s
 fa381361f294 Downloading [=================>                                 ]  30.41MB/86.29MB
 5c32499ab806 Extracting 1 s
 fa381361f294 Downloading [=================>                                 ]  30.41MB/86.29MB
 5c32499ab806 Extracting 2 s
 fa381361f294 Downloading [==================>                                ]  31.46MB/86.29MB
 5c32499ab806 Extracting 2 s
 fa381361f294 Downloading [==================>                                ]  31.46MB/86.29MB
 5c32499ab806 Extracting 2 s
 fa381361f294 Downloading [==================>                                ]  31.46MB/86.29MB
 5c32499ab806 Extracting 2 s
 fa381361f294 Downloading [==================>                                ]  32.51MB/86.29MB
 5c32499ab806 Extracting 2 s
 fa381361f294 Downloading [==================>                                ]  32.51MB/86.29MB
 5c32499ab806 Extracting 2 s
 fa381361f294 Downloading [==================>                                ]  32.51MB/86.29MB
 5c32499ab806 Extracting 2 s
 fa381361f294 Downloading [==================>                                ]  32.51MB/86.29MB
 5c32499ab806 Extracting 2 s
 fa381361f294 Downloading [==================>                                ]  32.51MB/86.29MB
 5c32499ab806 Extracting 2 s
 fa381361f294 Downloading [===================>                               ]  33.55MB/86.29MB
 5c32499ab806 Extracting 2 s
 fa381361f294 Downloading [====================>                              ]   34.6MB/86.29MB
 5c32499ab806 Extracting 3 s
 fa381361f294 Downloading [====================>                              ]   34.6MB/86.29MB
 5c32499ab806 Extracting 3 s
 fa381361f294 Downloading [====================>                              ]  35.65MB/86.29MB
 5c32499ab806 Extracting 3 s
 fa381361f294 Downloading [====================>                              ]  35.65MB/86.29MB
 5c32499ab806 Extracting 3 s
 fa381361f294 Downloading [=====================>                             ]   36.7MB/86.29MB
 5c32499ab806 Extracting 3 s
 fa381361f294 Downloading [=====================>                             ]  37.75MB/86.29MB
 5c32499ab806 Extracting 3 s
 fa381361f294 Downloading [=====================>                             ]  37.75MB/86.29MB
 5c32499ab806 Extracting 3 s
 fa381361f294 Downloading [=====================>                             ]  37.75MB/86.29MB
 5c32499ab806 Extracting 3 s
 fa381361f294 Downloading [=====================>                             ]  37.75MB/86.29MB
 5c32499ab806 Extracting 3 s
 fa381361f294 Downloading [=====================>                             ]  37.75MB/86.29MB
 5c32499ab806 Extracting 3 s
 fa381361f294 Downloading [======================>                            ]   38.8MB/86.29MB
 5c32499ab806 Extracting 4 s
 fa381361f294 Downloading [======================>                            ]   38.8MB/86.29MB
 5c32499ab806 Extracting 4 s
 fa381361f294 Downloading [=======================>                           ]  39.85MB/86.29MB
 5c32499ab806 Extracting 4 s
 fa381361f294 Downloading [=======================>                           ]  39.85MB/86.29MB
 5c32499ab806 Extracting 4 s
 fa381361f294 Downloading [=======================>                           ]  40.89MB/86.29MB
 5c32499ab806 Extracting 4 s
 fa381361f294 Downloading [=======================>                           ]  40.89MB/86.29MB
 5c32499ab806 Extracting 4 s
 fa381361f294 Downloading [========================>                          ]  41.94MB/86.29MB
 5c32499ab806 Extracting 4 s
 fa381361f294 Downloading [========================>                          ]  42.99MB/86.29MB
 5c32499ab806 Extracting 4 s
 fa381361f294 Downloading [========================>                          ]  42.99MB/86.29MB
 5c32499ab806 Extracting 4 s
 fa381361f294 Downloading [=========================>                         ]  44.04MB/86.29MB
 5c32499ab806 Extracting 4 s
 fa381361f294 Downloading [=========================>                         ]  44.04MB/86.29MB
 5c32499ab806 Extracting 5 s
 fa381361f294 Downloading [==========================>                        ]  45.09MB/86.29MB
 5c32499ab806 Extracting 5 s
 fa381361f294 Downloading [==========================>                        ]  45.09MB/86.29MB
 5c32499ab806 Extracting 5 s
 fa381361f294 Downloading [==========================>                        ]  45.09MB/86.29MB
 5c32499ab806 Extracting 5 s
 fa381361f294 Downloading [==========================>                        ]  46.14MB/86.29MB
 5c32499ab806 Extracting 5 s
 fa381361f294 Downloading [==========================>                        ]  46.14MB/86.29MB
 5c32499ab806 Extracting 5 s
 fa381361f294 Downloading [==========================>                        ]  46.14MB/86.29MB
 5c32499ab806 Extracting 5 s
 fa381361f294 Downloading [===========================>                       ]  47.19MB/86.29MB
 5c32499ab806 Extracting 5 s
 fa381361f294 Downloading [===========================>                       ]  47.19MB/86.29MB
 5c32499ab806 Extracting 5 s
 fa381361f294 Downloading [===========================>                       ]  47.19MB/86.29MB
 5c32499ab806 Extracting 5 s
 fa381361f294 Downloading [===========================>                       ]  47.19MB/86.29MB
 5c32499ab806 Extracting 6 s
 fa381361f294 Downloading [===========================>                       ]  48.23MB/86.29MB
 5c32499ab806 Extracting 6 s
 fa381361f294 Downloading [===========================>                       ]  48.23MB/86.29MB
 5c32499ab806 Extracting 6 s
 fa381361f294 Downloading [===========================>                       ]  48.23MB/86.29MB
 5c32499ab806 Extracting 6 s
 fa381361f294 Downloading [============================>                      ]  49.28MB/86.29MB
 5c32499ab806 Extracting 6 s
 fa381361f294 Downloading [============================>                      ]  49.28MB/86.29MB
 5c32499ab806 Extracting 6 s
 fa381361f294 Downloading [============================>                      ]  49.28MB/86.29MB
 5c32499ab806 Extracting 6 s
 fa381361f294 Downloading [=============================>                     ]  50.33MB/86.29MB
 5c32499ab806 Extracting 6 s
 fa381361f294 Downloading [=============================>                     ]  50.33MB/86.29MB
 5c32499ab806 Extracting 6 s
 fa381361f294 Downloading [=============================>                     ]  51.38MB/86.29MB
 5c32499ab806 Extracting 6 s
 fa381361f294 Downloading [=============================>                     ]  51.38MB/86.29MB
 5c32499ab806 Extracting 7 s
 fa381361f294 Downloading [=============================>                     ]  51.38MB/86.29MB
 5c32499ab806 Extracting 7 s
 fa381361f294 Downloading [==============================>                    ]  52.43MB/86.29MB
 5c32499ab806 Extracting 7 s
 fa381361f294 Downloading [==============================>                    ]  52.43MB/86.29MB
 5c32499ab806 Extracting 7 s
 fa381361f294 Downloading [==============================>                    ]  52.43MB/86.29MB
 5c32499ab806 Extracting 7 s
 fa381361f294 Downloading [==============================>                    ]  52.43MB/86.29MB
 5c32499ab806 Extracting 7 s
 fa381361f294 Downloading [==============================>                    ]  53.48MB/86.29MB
 5c32499ab806 Pull complete 
 fa381361f294 Downloading [==============================>                    ]  53.48MB/86.29MB
 fa381361f294 Downloading [==============================>                    ]  53.48MB/86.29MB
 fa381361f294 Downloading [===============================>                   ]  54.53MB/86.29MB
 fa381361f294 Downloading [===============================>                   ]  54.53MB/86.29MB
 fa381361f294 Downloading [================================>                  ]  55.57MB/86.29MB
 fa381361f294 Downloading [================================>                  ]  56.62MB/86.29MB
 fa381361f294 Downloading [================================>                  ]  56.62MB/86.29MB
 fa381361f294 Downloading [================================>                  ]  56.62MB/86.29MB
 fa381361f294 Downloading [================================>                  ]  56.62MB/86.29MB
 fa381361f294 Downloading [=================================>                 ]  57.67MB/86.29MB
 fa381361f294 Downloading [==================================>                ]  58.72MB/86.29MB
 fa381361f294 Downloading [==================================>                ]  58.72MB/86.29MB
 fa381361f294 Downloading [==================================>                ]  59.77MB/86.29MB
 fa381361f294 Downloading [===================================>               ]  60.82MB/86.29MB
 fa381361f294 Downloading [===================================>               ]  60.82MB/86.29MB
 fa381361f294 Downloading [===================================>               ]  61.87MB/86.29MB
 fa381361f294 Downloading [===================================>               ]  61.87MB/86.29MB
 fa381361f294 Downloading [====================================>              ]  62.91MB/86.29MB
 fa381361f294 Downloading [====================================>              ]  62.91MB/86.29MB
 fa381361f294 Downloading [=====================================>             ]  63.96MB/86.29MB
 fa381361f294 Downloading [=====================================>             ]  65.01MB/86.29MB
 fa381361f294 Downloading [=====================================>             ]  65.01MB/86.29MB
 fa381361f294 Downloading [======================================>            ]  66.06MB/86.29MB
 fa381361f294 Downloading [======================================>            ]  67.11MB/86.29MB
 fa381361f294 Downloading [======================================>            ]  67.11MB/86.29MB
 fa381361f294 Downloading [=======================================>           ]  68.16MB/86.29MB
 fa381361f294 Downloading [=======================================>           ]  68.16MB/86.29MB
 fa381361f294 Downloading [=======================================>           ]  68.16MB/86.29MB
 fa381361f294 Downloading [========================================>          ]  69.21MB/86.29MB
 fa381361f294 Downloading [========================================>          ]  69.21MB/86.29MB
 fa381361f294 Downloading [========================================>          ]  69.21MB/86.29MB
 fa381361f294 Downloading [========================================>          ]  70.25MB/86.29MB
 fa381361f294 Downloading [========================================>          ]  70.25MB/86.29MB
 fa381361f294 Downloading [=========================================>         ]   71.3MB/86.29MB
 fa381361f294 Downloading [=========================================>         ]   71.3MB/86.29MB
 fa381361f294 Downloading [=========================================>         ]   71.3MB/86.29MB
 fa381361f294 Downloading [=========================================>         ]  72.35MB/86.29MB
 fa381361f294 Downloading [=========================================>         ]  72.35MB/86.29MB
 fa381361f294 Downloading [==========================================>        ]  72.98MB/86.29MB
 fa381361f294 Downloading [==========================================>        ]   73.4MB/86.29MB
 fa381361f294 Downloading [==========================================>        ]   73.4MB/86.29MB
 fa381361f294 Downloading [==========================================>        ]   73.4MB/86.29MB
 fa381361f294 Downloading [==========================================>        ]   73.4MB/86.29MB
 fa381361f294 Downloading [===========================================>       ]  74.45MB/86.29MB
 fa381361f294 Downloading [===========================================>       ]   75.5MB/86.29MB
 fa381361f294 Downloading [===========================================>       ]   75.5MB/86.29MB
 fa381361f294 Downloading [============================================>      ]  76.55MB/86.29MB
 fa381361f294 Downloading [============================================>      ]  76.55MB/86.29MB
 fa381361f294 Downloading [============================================>      ]  77.59MB/86.29MB
 fa381361f294 Downloading [=============================================>     ]  78.64MB/86.29MB
 fa381361f294 Downloading [=============================================>     ]  78.64MB/86.29MB
 fa381361f294 Downloading [==============================================>    ]  79.69MB/86.29MB
 fa381361f294 Downloading [==============================================>    ]  79.69MB/86.29MB
 fa381361f294 Downloading [==============================================>    ]  79.69MB/86.29MB
 fa381361f294 Downloading [==============================================>    ]  80.74MB/86.29MB
 fa381361f294 Downloading [==============================================>    ]   81.1MB/86.29MB
 fa381361f294 Downloading [===============================================>   ]  81.79MB/86.29MB
 fa381361f294 Downloading [================================================>  ]  82.84MB/86.29MB
 fa381361f294 Downloading [================================================>  ]  82.84MB/86.29MB
 fa381361f294 Downloading [================================================>  ]  83.89MB/86.29MB
 fa381361f294 Downloading [=================================================> ]  84.93MB/86.29MB
 fa381361f294 Downloading [=================================================> ]  84.93MB/86.29MB
 fa381361f294 Downloading [==================================================>]  86.29MB/86.29MB
 fa381361f294 Downloading [==================================================>]  86.29MB/86.29MB
 fa381361f294 Downloading [==================================================>]  86.29MB/86.29MB
 fa381361f294 Downloading [==================================================>]  86.29MB/86.29MB
 fa381361f294 Download complete 
 fa381361f294 Extracting 1 s
 fa381361f294 Extracting 1 s
 fa381361f294 Extracting 1 s
 fa381361f294 Extracting 1 s
 fa381361f294 Extracting 1 s
 fa381361f294 Extracting 1 s
 fa381361f294 Extracting 1 s
 fa381361f294 Extracting 1 s
 fa381361f294 Extracting 1 s
 fa381361f294 Extracting 1 s
 fa381361f294 Extracting 1 s
 fa381361f294 Extracting 2 s
 fa381361f294 Extracting 2 s
 fa381361f294 Extracting 2 s
 fa381361f294 Extracting 2 s
 fa381361f294 Extracting 2 s
 fa381361f294 Extracting 2 s
 fa381361f294 Extracting 3 s
 fa381361f294 Extracting 3 s
 fa381361f294 Extracting 3 s
 fa381361f294 Extracting 3 s
 fa381361f294 Extracting 3 s
 fa381361f294 Extracting 3 s
 fa381361f294 Extracting 4 s
 fa381361f294 Extracting 4 s
 fa381361f294 Extracting 4 s
 fa381361f294 Extracting 4 s
 fa381361f294 Extracting 4 s
 fa381361f294 Extracting 4 s
 fa381361f294 Extracting 4 s
 fa381361f294 Extracting 4 s
 fa381361f294 Extracting 4 s
 fa381361f294 Extracting 4 s
 fa381361f294 Extracting 5 s
 fa381361f294 Extracting 5 s
 fa381361f294 Extracting 5 s
 fa381361f294 Extracting 5 s
 fa381361f294 Extracting 5 s
 fa381361f294 Extracting 5 s
 fa381361f294 Extracting 5 s
 fa381361f294 Extracting 5 s
 fa381361f294 Extracting 5 s
 fa381361f294 Extracting 6 s
 fa381361f294 Extracting 6 s
 fa381361f294 Extracting 6 s
 fa381361f294 Extracting 6 s
 fa381361f294 Extracting 6 s
 fa381361f294 Extracting 6 s
 fa381361f294 Extracting 6 s
 fa381361f294 Extracting 6 s
 fa381361f294 Extracting 6 s
 fa381361f294 Extracting 6 s
 fa381361f294 Extracting 6 s
 fa381361f294 Extracting 7 s
 fa381361f294 Extracting 7 s
 fa381361f294 Extracting 7 s
 fa381361f294 Extracting 7 s
 fa381361f294 Extracting 7 s
 fa381361f294 Extracting 7 s
 fa381361f294 Extracting 7 s
 fa381361f294 Extracting 7 s
 fa381361f294 Extracting 7 s
 fa381361f294 Extracting 7 s
 fa381361f294 Extracting 8 s
 fa381361f294 Extracting 8 s
 fa381361f294 Extracting 8 s
 fa381361f294 Extracting 8 s
 fa381361f294 Extracting 8 s
 fa381361f294 Extracting 8 s
 fa381361f294 Extracting 8 s
 fa381361f294 Extracting 8 s
 fa381361f294 Extracting 8 s
 fa381361f294 Extracting 8 s
 fa381361f294 Extracting 9 s
 fa381361f294 Extracting 9 s
 fa381361f294 Extracting 9 s
 fa381361f294 Extracting 9 s
 fa381361f294 Extracting 9 s
 fa381361f294 Extracting 9 s
 fa381361f294 Extracting 9 s
 fa381361f294 Extracting 9 s
 fa381361f294 Extracting 9 s
 fa381361f294 Extracting 9 s
 fa381361f294 Extracting 10 s
 fa381361f294 Extracting 10 s
 fa381361f294 Extracting 10 s
 fa381361f294 Extracting 10 s
 fa381361f294 Extracting 10 s
 fa381361f294 Extracting 10 s
 fa381361f294 Extracting 10 s
 fa381361f294 Extracting 10 s
 fa381361f294 Extracting 10 s
 fa381361f294 Extracting 10 s
 fa381361f294 Extracting 11 s
 fa381361f294 Extracting 11 s
 fa381361f294 Extracting 11 s
 fa381361f294 Extracting 11 s
 fa381361f294 Extracting 11 s
 fa381361f294 Extracting 11 s
 fa381361f294 Extracting 11 s
 fa381361f294 Extracting 11 s
 fa381361f294 Extracting 11 s
 fa381361f294 Extracting 11 s
 fa381361f294 Extracting 12 s
 fa381361f294 Extracting 12 s
 fa381361f294 Extracting 12 s
 fa381361f294 Extracting 12 s
 fa381361f294 Extracting 12 s
 fa381361f294 Extracting 12 s
 fa381361f294 Extracting 12 s
 fa381361f294 Extracting 12 s
 fa381361f294 Extracting 12 s
 fa381361f294 Extracting 12 s
 fa381361f294 Extracting 13 s
 fa381361f294 Extracting 13 s
 fa381361f294 Extracting 13 s
 fa381361f294 Extracting 13 s
 fa381361f294 Extracting 13 s
 fa381361f294 Extracting 13 s
 fa381361f294 Extracting 13 s
 fa381361f294 Extracting 13 s
 fa381361f294 Extracting 13 s
 fa381361f294 Extracting 13 s
 fa381361f294 Extracting 13 s
 fa381361f294 Extracting 14 s
 fa381361f294 Extracting 14 s
 fa381361f294 Extracting 14 s
 fa381361f294 Extracting 14 s
 fa381361f294 Extracting 14 s
 fa381361f294 Extracting 14 s
 fa381361f294 Extracting 14 s
 fa381361f294 Extracting 14 s
 fa381361f294 Extracting 14 s
 fa381361f294 Extracting 15 s
 fa381361f294 Extracting 15 s
 fa381361f294 Extracting 15 s
 fa381361f294 Extracting 15 s
 fa381361f294 Extracting 15 s
 fa381361f294 Extracting 15 s
 fa381361f294 Extracting 15 s
 fa381361f294 Extracting 15 s
 fa381361f294 Extracting 15 s
 fa381361f294 Extracting 15 s
 fa381361f294 Extracting 16 s
 fa381361f294 Extracting 16 s
 fa381361f294 Extracting 16 s
 fa381361f294 Extracting 16 s
 fa381361f294 Extracting 16 s
 fa381361f294 Extracting 16 s
 fa381361f294 Extracting 16 s
 fa381361f294 Extracting 16 s
 fa381361f294 Extracting 16 s
 fa381361f294 Extracting 16 s
 fa381361f294 Extracting 17 s
 fa381361f294 Extracting 17 s
 fa381361f294 Extracting 17 s
 fa381361f294 Extracting 17 s
 fa381361f294 Extracting 17 s
 fa381361f294 Extracting 17 s
 fa381361f294 Extracting 17 s
 fa381361f294 Extracting 17 s
 fa381361f294 Extracting 17 s
 fa381361f294 Extracting 17 s
 fa381361f294 Extracting 18 s
 fa381361f294 Extracting 18 s
 fa381361f294 Extracting 18 s
 fa381361f294 Extracting 18 s
 fa381361f294 Extracting 18 s
 fa381361f294 Extracting 18 s
 fa381361f294 Extracting 18 s
 fa381361f294 Extracting 18 s
 fa381361f294 Extracting 18 s
 fa381361f294 Extracting 18 s
 fa381361f294 Extracting 19 s
 fa381361f294 Extracting 19 s
 fa381361f294 Extracting 19 s
 fa381361f294 Extracting 19 s
 fa381361f294 Extracting 19 s
 fa381361f294 Extracting 19 s
 fa381361f294 Extracting 19 s
 fa381361f294 Extracting 19 s
 fa381361f294 Extracting 19 s
 fa381361f294 Extracting 19 s
 fa381361f294 Extracting 20 s
 fa381361f294 Extracting 20 s
 fa381361f294 Extracting 20 s
 fa381361f294 Extracting 20 s
 fa381361f294 Extracting 20 s
 fa381361f294 Extracting 20 s
 fa381361f294 Extracting 20 s
 fa381361f294 Extracting 20 s
 fa381361f294 Extracting 20 s
 fa381361f294 Extracting 20 s
 fa381361f294 Extracting 21 s
 fa381361f294 Extracting 21 s
 fa381361f294 Extracting 21 s
 fa381361f294 Extracting 21 s
 fa381361f294 Extracting 21 s
 fa381361f294 Extracting 21 s
 fa381361f294 Extracting 21 s
 fa381361f294 Extracting 21 s
 fa381361f294 Extracting 21 s
 fa381361f294 Extracting 21 s
 fa381361f294 Extracting 22 s
 fa381361f294 Extracting 22 s
 fa381361f294 Extracting 22 s
 fa381361f294 Extracting 22 s
 fa381361f294 Extracting 22 s
 fa381361f294 Extracting 22 s
 fa381361f294 Extracting 22 s
 fa381361f294 Extracting 22 s
 fa381361f294 Extracting 22 s
 fa381361f294 Extracting 22 s
 fa381361f294 Extracting 23 s
 fa381361f294 Extracting 23 s
 fa381361f294 Extracting 23 s
 fa381361f294 Extracting 23 s
 fa381361f294 Extracting 23 s
 fa381361f294 Extracting 23 s
 fa381361f294 Extracting 23 s
 fa381361f294 Extracting 23 s
 fa381361f294 Extracting 23 s
 fa381361f294 Extracting 23 s
 fa381361f294 Extracting 24 s
 fa381361f294 Extracting 24 s
 fa381361f294 Extracting 24 s
 fa381361f294 Extracting 24 s
 fa381361f294 Extracting 24 s
 fa381361f294 Extracting 24 s
 fa381361f294 Extracting 24 s
 fa381361f294 Extracting 24 s
 fa381361f294 Extracting 24 s
 fa381361f294 Extracting 24 s
 fa381361f294 Extracting 25 s
 fa381361f294 Extracting 25 s
 8f4ca6c9f668 Extracting 1 s
 fa381361f294 Pull complete 
 8f4ca6c9f668 Extracting 1 s
 c3af839bbf8b Pull complete 
 38bd456b8129 Pull complete 
 8f4ca6c9f668 Pull complete 
 7d79597f185d Extracting 1 s
 7d79597f185d Extracting 1 s
 7d79597f185d Extracting 1 s
 7d79597f185d Extracting 1 s
 7d79597f185d Extracting 1 s
 7d79597f185d Extracting 1 s
 7d79597f185d Extracting 1 s
 7d79597f185d Extracting 1 s
 7d79597f185d Extracting 1 s
 7d79597f185d Extracting 1 s
 7d79597f185d Extracting 1 s
 7d79597f185d Extracting 2 s
 7d79597f185d Extracting 2 s
 7d79597f185d Extracting 2 s
 7d79597f185d Extracting 2 s
 7d79597f185d Extracting 2 s
 7d79597f185d Extracting 2 s
 7d79597f185d Extracting 2 s
 7d79597f185d Extracting 2 s
 7d79597f185d Extracting 2 s
 7d79597f185d Extracting 2 s
 7d79597f185d Extracting 3 s
 7d79597f185d Extracting 3 s
 7d79597f185d Extracting 3 s
 7d79597f185d Extracting 3 s
 7d79597f185d Extracting 3 s
 7d79597f185d Pull complete 
 6d3a88ffa7e3 Pull complete 
 realtime Pulled 
Starting database...
2026/02/15 11:13:39 PG Send: {"Type":"StartupMessage","ProtocolVersion":196608,"Parameters":{"database":"postgres","user":"postgres"}}
2026/02/15 11:13:39 PG Recv: {"Type":"AuthenticationSASL","AuthMechanisms":["SCRAM-SHA-256"]}
2026/02/15 11:13:39 PG Send: {"Type":"SASLInitialResponse","AuthMechanism":"SCRAM-SHA-256","Data":"n,,n=,r=wOVTbVF0KeTgKib9kRBtlHvV"}
2026/02/15 11:13:39 PG Recv: {"Type":"AuthenticationSASLContinue","Data":"r=wOVTbVF0KeTgKib9kRBtlHvVmPDPU8p3z7BhScueeoKADs60,s=/QdSCQOkJWf50VCC3i2ojQ==,i=4096"}
2026/02/15 11:13:39 PG Send: {"Type":"SASLResponse","Data":"c=biws,r=wOVTbVF0KeTgKib9kRBtlHvVmPDPU8p3z7BhScueeoKADs60,p=FmLHGCL8ukUUGXIVqndXePCbh738Ft3oyeYJhX1rW9Q="}
2026/02/15 11:13:39 PG Recv: {"Type":"AuthenticationSASLFinal","Data":"v=FvcCj29qev8uQKlitbOv/ri7GoaYzwlcyK31yP3tv4Q="}
2026/02/15 11:13:39 PG Recv: {"Type":"AuthenticationOK"}
2026/02/15 11:13:39 PG Recv: {"Type":"ParameterStatus","Name":"in_hot_standby","Value":"off"}
2026/02/15 11:13:39 PG Recv: {"Type":"ParameterStatus","Name":"integer_datetimes","Value":"on"}
2026/02/15 11:13:39 PG Recv: {"Type":"ParameterStatus","Name":"TimeZone","Value":"UTC"}
2026/02/15 11:13:39 PG Recv: {"Type":"ParameterStatus","Name":"IntervalStyle","Value":"postgres"}
2026/02/15 11:13:39 PG Recv: {"Type":"ParameterStatus","Name":"is_superuser","Value":"off"}
2026/02/15 11:13:39 PG Recv: {"Type":"ParameterStatus","Name":"application_name","Value":""}
2026/02/15 11:13:39 PG Recv: {"Type":"ParameterStatus","Name":"default_transaction_read_only","Value":"off"}
2026/02/15 11:13:39 PG Recv: {"Type":"ParameterStatus","Name":"scram_iterations","Value":"4096"}
2026/02/15 11:13:39 PG Recv: {"Type":"ParameterStatus","Name":"DateStyle","Value":"ISO, MDY"}
2026/02/15 11:13:39 PG Recv: {"Type":"ParameterStatus","Name":"standard_conforming_strings","Value":"on"}
2026/02/15 11:13:39 PG Recv: {"Type":"ParameterStatus","Name":"session_authorization","Value":"postgres"}
2026/02/15 11:13:39 PG Recv: {"Type":"ParameterStatus","Name":"client_encoding","Value":"UTF8"}
2026/02/15 11:13:39 PG Recv: {"Type":"ParameterStatus","Name":"server_version","Value":"17.6"}
2026/02/15 11:13:39 PG Recv: {"Type":"ParameterStatus","Name":"server_encoding","Value":"UTF8"}
2026/02/15 11:13:39 PG Recv: {"Type":"BackendKeyData","ProcessID":226,"SecretKey":1089719053}
2026/02/15 11:13:39 PG Recv: {"Type":"ReadyForQuery","TxStatus":"I"}
Initialising schema...
+ ulimit -n
+ '[' '!' -z '' ']'
+ export ERL_CRASH_DUMP=/tmp/erl_crash.dump
+ ERL_CRASH_DUMP=/tmp/erl_crash.dump
+ '[' false = true ']'
+ [[ -n '' ]]
+ echo 'Running migrations'
+ sudo -E -u nobody /app/bin/migrate
+ '[' true = true ']'
+ echo 'Seeding selfhosted Realtime'
+ sudo -E -u nobody /app/bin/realtime eval 'Realtime.Release.seeds(Realtime.Repo)'
[os_mon] cpu supervisor port (cpu_sup): Erlang has closed
[os_mon] memory supervisor port (memsup): Erlang has closed
+ echo 'Starting Realtime'
+ ulimit -n
+ exec /app/bin/realtime eval '{:ok, _} = Application.ensure_all_started(:realtime)
{:ok, _} = Realtime.Tenants.health_check("realtime-dev")'
[os_mon] memory supervisor port (memsup): Erlang has closed
[os_mon] cpu supervisor port (cpu_sup): Erlang has closed
node:internal/modules/run_main:76
  const type = getNearestParentPackageJSONType(mainPath);
               ^

Error: Invalid package config /app/package.json.
    at shouldUseESMLoader (node:internal/modules/run_main:76:16)
    at Module.executeUserEntryPoint [as runMain] (node:internal/modules/run_main:147:20)
    at node:internal/main/run_main_module:33:47 {
  code: 'ERR_INVALID_PACKAGE_CONFIG'
}

Node.js v24.13.0
2026/02/15 11:14:05 PG Send: {"Type":"Terminate"}
Stopping containers...
Pruned containers: [c74c39c665f78760e6f8fe8fe19eaf26fe2928776fbf624e4bb26c26eb4b93c7]
Pruned volumes: [supabase_db_vapetrack-ph]
Pruned network: [supabase_network_vapetrack-ph]
error running container: exit 1
